2023-03-03 16:42:46.479 [DEBU] {9c228d8231dc4817405e9f1a9abd0a87} [ 82 ms] [default] [goframeshop] [rows:8  ] SHOW FULL COLUMNS FROM `admin_info`
2023-03-03 16:42:46.490 [DEBU] {f8779a8731dc4817415e9f1a8f3045ec} [  8 ms] [default] [goframeshop] [rows:1  ] SELECT `id`,`name`,`password`,`role_ids`,`created_at`,`updated_at`,`user_salt`,`is_admin` FROM `admin_info` WHERE `name`='gongzhaowei' LIMIT 1
2023-03-03 16:42:46.495 [DEBU] {fca2388831dc4817425e9f1a2d98056c} [  3 ms] [default] [goframeshop] [rows:1  ] SELECT `id`,`name`,`password`,`role_ids`,`created_at`,`updated_at`,`user_salt`,`is_admin` FROM `admin_info` WHERE `id`='16' LIMIT 1
2023-03-03 16:42:46.498 [DEBU] {b4c57b8831dc4817435e9f1a58eeb55d} [  2 ms] [default] [goframeshop] [rows:5  ] SHOW FULL COLUMNS FROM `role_permission_info`
2023-03-03 16:42:46.506 [DEBU] {dc82a58831dc4817445e9f1ad6560af2} [  7 ms] [default] [goframeshop] [rows:0  ] SELECT `id`,`role_id`,`permission_id`,`created_at`,`updated_at` FROM `role_permission_info` WHERE `role_id` IN ('1')
2023-03-03 16:42:46.512 [DEBU] {10841f8931dc4817455e9f1ab8db2800} [  5 ms] [default] [goframeshop] [rows:6  ] SHOW FULL COLUMNS FROM `permission_info`
2023-03-03 16:42:46.514 [DEBU] {cc77798931dc4817465e9f1a19c5ea29} [  1 ms] [default] [goframeshop] [rows:0  ] SELECT `id`,`name`,`path`,`created_at`,`updated_at`,`deleted_at` FROM `permission_info` WHERE (0=1) AND `deleted_at` IS NULL
2023-03-03 16:43:41.404 [DEBU] {d0e79a503edc48174a5e9f1a9a5056a5} [ 11 ms] [default] [goframeshop] [rows:1  ] SELECT `id`,`name`,`password`,`role_ids`,`created_at`,`updated_at`,`user_salt`,`is_admin` FROM `admin_info` WHERE `name`='gongzhaowei' LIMIT 1
2023-03-03 16:43:41.411 [DEBU] {10c879513edc48174b5e9f1aad19807d} [  3 ms] [default] [goframeshop] [rows:1  ] SELECT `id`,`name`,`password`,`role_ids`,`created_at`,`updated_at`,`user_salt`,`is_admin` FROM `admin_info` WHERE `id`='16' LIMIT 1
2023-03-03 16:43:41.413 [DEBU] {ecf3ad513edc48174c5e9f1a3b8d21c1} [  2 ms] [default] [goframeshop] [rows:0  ] SELECT `id`,`role_id`,`permission_id`,`created_at`,`updated_at` FROM `role_permission_info` WHERE `role_id` IN ('1')
2023-03-03 16:43:41.415 [DEBU] {d86dcf513edc48174d5e9f1a3818a8fa} [  1 ms] [default] [goframeshop] [rows:0  ] SELECT `id`,`name`,`path`,`created_at`,`updated_at`,`deleted_at` FROM `permission_info` WHERE (0=1) AND `deleted_at` IS NULL
2023-03-03 17:09:50.973 [DEBU] {68ff66c0abdd48172f188766d987b047} [ 41 ms] [default] [goframeshop] [rows:8  ] SHOW FULL COLUMNS FROM `admin_info`
2023-03-03 17:09:50.984 [DEBU] {8c5c38c3abdd481730188766913a5b8f} [  5 ms] [default] [goframeshop] [rows:1  ] SELECT `id`,`name`,`password`,`role_ids`,`created_at`,`updated_at`,`user_salt`,`is_admin` FROM `admin_info` WHERE `name`='gongzhaowei' LIMIT 1
2023-03-03 17:11:11.192 [DEBU] {c4a30e6fbedd481732188766ce31dc9f} [ 20 ms] [default] [goframeshop] [rows:1  ] SELECT `id`,`name`,`password`,`role_ids`,`created_at`,`updated_at`,`user_salt`,`is_admin` FROM `admin_info` WHERE `name`='gongzhaowei' LIMIT 1
2023-03-03 17:40:47.629 [DEBU] {20900e0a5cdf4817c061bb50d0fa793c} [ 35 ms] [default] [goframeshop] [rows:8  ] SHOW FULL COLUMNS FROM `admin_info`
2023-03-03 17:40:47.642 [DEBU] {78a88c0c5cdf4817c161bb50458bad1b} [  6 ms] [default] [goframeshop] [rows:1  ] SELECT `id`,`name`,`password`,`role_ids`,`created_at`,`updated_at`,`user_salt`,`is_admin` FROM `admin_info` WHERE `name`='gongzhaowei' LIMIT 1
2023-03-03 17:41:47.582 [DEBU] {504084006adf48178d55537b31a917cd} [ 19 ms] [default] [goframeshop] [rows:8  ] SHOW FULL COLUMNS FROM `admin_info`
2023-03-03 17:41:47.587 [DEBU] {881cba016adf48178e55537be515d064} [  3 ms] [default] [goframeshop] [rows:1  ] SELECT `id`,`name`,`password`,`role_ids`,`created_at`,`updated_at`,`user_salt`,`is_admin` FROM `admin_info` WHERE `name`='gongzhaowei' LIMIT 1
2023-03-03 17:46:10.498 [DEBU] {60dd0337a7df4817aebdd2223fa4e9d6} [ 27 ms] [default] [goframeshop] [rows:8  ] SHOW FULL COLUMNS FROM `admin_info`
2023-03-03 17:46:10.504 [DEBU] {1c5dc638a7df4817afbdd22289fddc86} [  4 ms] [default] [goframeshop] [rows:1  ] SELECT `id`,`name`,`password`,`role_ids`,`created_at`,`updated_at`,`user_salt`,`is_admin` FROM `admin_info` WHERE `name`='gongzhaowei' LIMIT 1
2023-03-03 17:46:10.514 [DEBU] {fc568239a7df4817b0bdd22267afb167} [  2 ms] [default] [goframeshop] [rows:1  ] SELECT `id`,`name`,`password`,`role_ids`,`created_at`,`updated_at`,`user_salt`,`is_admin` FROM `admin_info` WHERE `id`='16' LIMIT 1
2023-03-03 17:46:10.520 [DEBU] {54b3a539a7df4817b1bdd22236fbab7b} [  5 ms] [default] [goframeshop] [rows:5  ] SHOW FULL COLUMNS FROM `role_permission_info`
2023-03-03 17:46:10.538 [DEBU] {64a5fd39a7df4817b2bdd22246fc27e3} [ 18 ms] [default] [goframeshop] [rows:0  ] SELECT `id`,`role_id`,`permission_id`,`created_at`,`updated_at` FROM `role_permission_info` WHERE `role_id` IN ('1')
2023-03-03 17:46:10.542 [DEBU] {d4991a3ba7df4817b3bdd22245c259e8} [  3 ms] [default] [goframeshop] [rows:6  ] SHOW FULL COLUMNS FROM `permission_info`
2023-03-03 17:46:10.548 [DEBU] {d478453ba7df4817b4bdd222ed96847f} [  6 ms] [default] [goframeshop] [rows:0  ] SELECT `id`,`name`,`path`,`created_at`,`updated_at`,`deleted_at` FROM `permission_info` WHERE (0=1) AND `deleted_at` IS NULL
2023-03-03 17:48:08.454 [DEBU] {b8ad0bafc2df4817b9bdd22231f7e5b5} [  6 ms] [default] [goframeshop] [rows:1  ] SELECT `id`,`name`,`password`,`role_ids`,`created_at`,`updated_at`,`user_salt`,`is_admin` FROM `admin_info` WHERE `name`='gongzhaowei' LIMIT 1
2023-03-03 17:48:08.458 [DEBU] {748e7dafc2df4817babdd222a8bc516b} [  2 ms] [default] [goframeshop] [rows:1  ] SELECT `id`,`name`,`password`,`role_ids`,`created_at`,`updated_at`,`user_salt`,`is_admin` FROM `admin_info` WHERE `id`='16' LIMIT 1
2023-03-03 17:48:08.462 [DEBU] {d4baa5afc2df4817bbbdd222328043a6} [  3 ms] [default] [goframeshop] [rows:0  ] SELECT `id`,`role_id`,`permission_id`,`created_at`,`updated_at` FROM `role_permission_info` WHERE `role_id` IN ('1')
2023-03-03 17:48:08.463 [DEBU] {2813e0afc2df4817bcbdd2225eaa0e09} [  1 ms] [default] [goframeshop] [rows:0  ] SELECT `id`,`name`,`path`,`created_at`,`updated_at`,`deleted_at` FROM `permission_info` WHERE (0=1) AND `deleted_at` IS NULL
2023-03-03 17:48:10.057 [DEBU] {a07ccc0ec3df4817bebdd22239d45f78} [  2 ms] [default] [goframeshop] [rows:1  ] SELECT `id`,`name`,`password`,`role_ids`,`created_at`,`updated_at`,`user_salt`,`is_admin` FROM `admin_info` WHERE `name`='gongzhaowei' LIMIT 1
2023-03-03 17:48:10.060 [DEBU] {0828130fc3df4817bfbdd222a0b22ca3} [  0 ms] [default] [goframeshop] [rows:1  ] SELECT `id`,`name`,`password`,`role_ids`,`created_at`,`updated_at`,`user_salt`,`is_admin` FROM `admin_info` WHERE `id`='16' LIMIT 1
2023-03-03 17:48:10.062 [DEBU] {44f32e0fc3df4817c0bdd22288f6149c} [  1 ms] [default] [goframeshop] [rows:0  ] SELECT `id`,`role_id`,`permission_id`,`created_at`,`updated_at` FROM `role_permission_info` WHERE `role_id` IN ('1')
2023-03-03 17:48:10.063 [DEBU] {64c13b0fc3df4817c1bdd222bce61bfc} [  1 ms] [default] [goframeshop] [rows:0  ] SELECT `id`,`name`,`path`,`created_at`,`updated_at`,`deleted_at` FROM `permission_info` WHERE (0=1) AND `deleted_at` IS NULL
2023-03-03 17:48:11.116 [DEBU] {f8dd004ec3df4817c3bdd222c8763651} [  1 ms] [default] [goframeshop] [rows:1  ] SELECT `id`,`name`,`password`,`role_ids`,`created_at`,`updated_at`,`user_salt`,`is_admin` FROM `admin_info` WHERE `name`='gongzhaowei' LIMIT 1
2023-03-03 17:48:11.118 [DEBU] {bc0f244ec3df4817c4bdd22247c30d78} [  0 ms] [default] [goframeshop] [rows:1  ] SELECT `id`,`name`,`password`,`role_ids`,`created_at`,`updated_at`,`user_salt`,`is_admin` FROM `admin_info` WHERE `id`='16' LIMIT 1
2023-03-03 17:48:11.120 [DEBU] {60863b4ec3df4817c5bdd222828af3ea} [  1 ms] [default] [goframeshop] [rows:0  ] SELECT `id`,`role_id`,`permission_id`,`created_at`,`updated_at` FROM `role_permission_info` WHERE `role_id` IN ('1')
2023-03-03 17:48:11.121 [DEBU] {54e2454ec3df4817c6bdd222b70c7df9} [  1 ms] [default] [goframeshop] [rows:0  ] SELECT `id`,`name`,`path`,`created_at`,`updated_at`,`deleted_at` FROM `permission_info` WHERE (0=1) AND `deleted_at` IS NULL
2023-03-03 17:48:16.627 [DEBU] {b8d45f96c4df4817c8bdd222c13b6f06} [  3 ms] [default] [goframeshop] [rows:0  ] SELECT `id`,`name`,`password`,`role_ids`,`created_at`,`updated_at`,`user_salt`,`is_admin` FROM `admin_info` WHERE `name`='gongzhaowe' LIMIT 1
2023-03-03 17:48:40.543 [DEBU] {88274727cadf4817cabdd222934384da} [ 13 ms] [default] [goframeshop] [rows:1  ] SELECT `id`,`name`,`password`,`role_ids`,`created_at`,`updated_at`,`user_salt`,`is_admin` FROM `admin_info` WHERE `name`='gongzhaowei' LIMIT 1
2023-03-03 17:48:40.548 [DEBU] {88ab2b28cadf4817cbbdd2225d2c3514} [  3 ms] [default] [goframeshop] [rows:1  ] SELECT `id`,`name`,`password`,`role_ids`,`created_at`,`updated_at`,`user_salt`,`is_admin` FROM `admin_info` WHERE `id`='16' LIMIT 1
2023-03-03 17:48:40.549 [DEBU] {3ca65928cadf4817ccbdd2228a74b48a} [  1 ms] [default] [goframeshop] [rows:0  ] SELECT `id`,`role_id`,`permission_id`,`created_at`,`updated_at` FROM `role_permission_info` WHERE `role_id` IN ('1')
2023-03-03 17:48:40.552 [DEBU] {e4ed6e28cadf4817cdbdd2222525d8f5} [  2 ms] [default] [goframeshop] [rows:0  ] SELECT `id`,`name`,`path`,`created_at`,`updated_at`,`deleted_at` FROM `permission_info` WHERE (0=1) AND `deleted_at` IS NULL
2023-03-03 17:48:55.006 [DEBU] {38a10b86cddf4817cfbdd2220e62ed21} [  1 ms] [default] [goframeshop] [rows:1  ] SELECT `id`,`name`,`password`,`role_ids`,`created_at`,`updated_at`,`user_salt`,`is_admin` FROM `admin_info` WHERE `name`='wangzhongyang' LIMIT 1
2023-03-03 17:49:30.012 [DEBU] {644b86aad5df4817d0bdd222b0815edd} [ 35 ms] [default] [goframeshop] [rows:1  ] INSERT INTO `admin_info`(`password`,`name`,`updated_at`,`role_ids`,`user_salt`,`is_admin`,`created_at`) VALUES('817adbad86bc1bc9a7b32c67da99597e','北京伟','2023-03-03 17:49:29','1','jI2huqwrBI',1,'2023-03-03 17:49:29') 
2023-03-03 17:49:45.072 [DEBU] {6489392ed9df4817d2bdd222dcf42a61} [  1 ms] [default] [goframeshop] [rows:1  ] SELECT `id`,`name`,`password`,`role_ids`,`created_at`,`updated_at`,`user_salt`,`is_admin` FROM `admin_info` WHERE `name`='北京伟' LIMIT 1
2023-03-03 17:49:45.077 [DEBU] {24e7842ed9df4817d3bdd22229853017} [  1 ms] [default] [goframeshop] [rows:1  ] SELECT `id`,`name`,`password`,`role_ids`,`created_at`,`updated_at`,`user_salt`,`is_admin` FROM `admin_info` WHERE `id`='18' LIMIT 1
2023-03-03 17:49:45.081 [DEBU] {f05a9a2ed9df4817d4bdd2223f83f755} [  3 ms] [default] [goframeshop] [rows:0  ] SELECT `id`,`role_id`,`permission_id`,`created_at`,`updated_at` FROM `role_permission_info` WHERE `role_id` IN ('1')
2023-03-03 17:49:45.082 [DEBU] {645cca2ed9df4817d5bdd2224c78b2d6} [  1 ms] [default] [goframeshop] [rows:0  ] SELECT `id`,`name`,`path`,`created_at`,`updated_at`,`deleted_at` FROM `permission_info` WHERE (0=1) AND `deleted_at` IS NULL
