2023-03-08 12:45:07.764 [DEBU] {7cefc67f20584a1730790d7be6a9a948} [  8 ms] [default] [goframeshop] [rows:6  ] SHOW FULL COLUMNS FROM `role_info`
2023-03-08 12:45:07.783 [DEBU] {7cefc67f20584a1730790d7be6a9a948} [ 18 ms] [default] [goframeshop] [rows:1  ] INSERT INTO `role_info`(`name`,`desc`,`updated_at`,`created_at`) VALUES('开发','开发测试','2023-03-08 12:45:07','2023-03-08 12:45:07') 
2023-03-08 12:47:26.239 [DEBU] {58bb43bd40584a1731790d7b257e558c} [ 13 ms] [default] [goframeshop] [rows:1  ] UPDATE `role_info` SET `desc`='测试修改功能',`updated_at`='2023-03-08 12:47:26',`name`='开发001' WHERE (`id`=8) AND `deleted_at` IS NULL
2023-03-08 12:48:52.076 [DEBU] {d43c49ba54584a1733790d7b02a071cc} [  2 ms] [default] [goframeshop] [rows:5  ] SELECT `id`,`name`,`desc`,`created_at`,`updated_at`,`deleted_at` FROM `role_info` WHERE `deleted_at` IS NULL LIMIT 0,10
2023-03-08 12:48:52.077 [DEBU] {d43c49ba54584a1733790d7b02a071cc} [  0 ms] [default] [goframeshop] [rows:1  ] SELECT COUNT(1) FROM `role_info` WHERE `deleted_at` IS NULL
2023-03-08 12:48:52.078 [DEBU] {d43c49ba54584a1733790d7b02a071cc} [  0 ms] [default] [goframeshop] [rows:5  ] SELECT `id`,`name`,`desc`,`created_at`,`updated_at` FROM `role_info` WHERE `deleted_at` IS NULL LIMIT 0,10
2023-03-08 13:04:17.964 [DEBU] {28638c4c2c594a1737790d7b005e5e99} [ 17 ms] [default] [goframeshop] [rows:1  ] DELETE FROM `role_info` WHERE `id`=7
2023-03-08 13:07:53.734 [DEBU] {1cc92b8a5e594a17b6118d3c0f2b3790} [  5 ms] [default] [goframeshop] [rows:6  ] SHOW FULL COLUMNS FROM `role_info`
2023-03-08 13:07:53.738 [DEBU] {1cc92b8a5e594a17b6118d3c0f2b3790} [  1 ms] [default] [goframeshop] [rows:0  ] UPDATE `role_info` SET `deleted_at`='2023-03-08 13:07:53' WHERE (`id`=7) AND `deleted_at` IS NULL
2023-03-08 13:08:23.283 [DEBU] {1490346b65594a17b7118d3cf6d2a6b0} [  8 ms] [default] [goframeshop] [rows:1  ] UPDATE `role_info` SET `deleted_at`='2023-03-08 13:08:23' WHERE (`id`=1) AND `deleted_at` IS NULL
2023-03-08 13:48:53.952 [DEBU] {6427d1599b5b4a176c5398085877a4e4} [ 17 ms] [default] [goframeshop] [rows:5  ] SHOW FULL COLUMNS FROM `role_permission_info`
2023-03-08 13:48:53.957 [DEBU] {6427d1599b5b4a176c5398085877a4e4} [  4 ms] [default] [goframeshop] [rows:1  ] INSERT INTO `role_permission_info`(`role_id`,`permission_id`,`created_at`,`updated_at`) VALUES(1,1,'2023-03-08 13:48:53','2023-03-08 13:48:53') 
2023-03-08 13:51:48.073 [DEBU] {70460be5c35b4a176e53980835092af9} [  4 ms] [default] [goframeshop] [rows:0  ] DELETE FROM `role_permission_info` WHERE `role_id`=1 AND `permission_id`=0
2023-03-08 13:52:38.193 [DEBU] {08fa7b90cf5b4a176f5398084de18580} [  4 ms] [default] [goframeshop] [rows:0  ] DELETE FROM `role_permission_info` WHERE `role_id`=1 AND `permission_id`=0
2023-03-08 13:53:41.960 [DEBU] {c4174c69de5b4a1770539808e79ab880} [  3 ms] [default] [goframeshop] [rows:0  ] DELETE FROM `role_permission_info` WHERE `role_id`=1 AND `permission_id`=0
2023-03-08 13:55:51.420 [DEBU] {a4219d8dfc5b4a1771539808dc6fd205} [  6 ms] [default] [goframeshop] [rows:0  ] DELETE FROM `role_permission_info` WHERE `role_id`=1 AND `permission_id`=0
2023-03-08 13:56:32.970 [DEBU] {8c27673a065c4a1772539808670146f2} [  2 ms] [default] [goframeshop] [rows:0  ] DELETE FROM `role_permission_info` WHERE `role_id`=1 AND `permission_id`=0
2023-03-08 13:56:42.311 [DEBU] {10d32167085c4a177353980877d6a556} [  2 ms] [default] [goframeshop] [rows:0  ] DELETE FROM `role_permission_info` WHERE `role_id`=2 AND `permission_id`=0
2023-03-08 13:57:39.981 [DEBU] {aca466d4155c4a1775539808fe30898f} [  4 ms] [default] [goframeshop] [rows:0  ] DELETE FROM `role_permission_info` WHERE `role_id`=2 AND `permission_id`=0
2023-03-08 14:08:09.490 [DEBU] {90300466a85c4a1776539808c156f9ff} [  5 ms] [default] [goframeshop] [rows:0  ] DELETE FROM `role_permission_info` WHERE `role_id`=1 AND `permission_id`=0
2023-03-08 14:20:21.499 [DEBU] {9045b7d4525d4a17e8f95127def6863d} [ 10 ms] [default] [goframeshop] [rows:6  ] SHOW FULL COLUMNS FROM `permission_info`
2023-03-08 14:20:21.501 [DEBU] {9045b7d4525d4a17e8f95127def6863d} [  0 ms] [default] [goframeshop] [rows:4  ] SELECT `id`,`name`,`path`,`created_at`,`updated_at`,`deleted_at` FROM `permission_info` WHERE `deleted_at` IS NULL LIMIT 0,10
2023-03-08 14:20:21.502 [DEBU] {9045b7d4525d4a17e8f95127def6863d} [  0 ms] [default] [goframeshop] [rows:1  ] SELECT COUNT(1) FROM `permission_info` WHERE `deleted_at` IS NULL
2023-03-08 14:20:21.502 [DEBU] {9045b7d4525d4a17e8f95127def6863d} [  0 ms] [default] [goframeshop] [rows:4  ] SELECT `id`,`name`,`path`,`created_at`,`updated_at` FROM `permission_info` WHERE `deleted_at` IS NULL LIMIT 0,10
2023-03-08 14:22:17.027 [DEBU] {68fae7ba6d5d4a17e9f95127f4563874} [  8 ms] [default] [goframeshop] [rows:1  ] INSERT INTO `permission_info`(`path`,`created_at`,`name`,`updated_at`) VALUES('article:abc','2023-03-08 14:22:17','开发1','2023-03-08 14:22:17') 
2023-03-08 14:23:47.472 [DEBU] {a4bebfc8825d4a17eaf951271cc1bcd1} [ 28 ms] [default] [goframeshop] [rows:1  ] UPDATE `permission_info` SET `path`='今天不洗澡',`name`='开发001',`updated_at`='2023-03-08 14:23:47' WHERE (`id`=7) AND `deleted_at` IS NULL
2023-03-08 14:24:28.751 [DEBU] {848a62668c5d4a17ecf951275cab550d} [  6 ms] [default] [goframeshop] [rows:1  ] DELETE FROM `permission_info` WHERE `id`=7
2023-03-08 14:24:45.203 [DEBU] {0c36fc3a905d4a17edf9512713e136c6} [  6 ms] [default] [goframeshop] [rows:1  ] INSERT INTO `permission_info`(`path`,`created_at`,`name`,`updated_at`) VALUES('article:abc','2023-03-08 14:24:45','开发1','2023-03-08 14:24:45') 
2023-03-08 14:25:27.365 [DEBU] {70261d0c9a5d4a17b871f91add6696c8} [  6 ms] [default] [goframeshop] [rows:6  ] SHOW FULL COLUMNS FROM `permission_info`
2023-03-08 14:25:27.387 [DEBU] {70261d0c9a5d4a17b871f91add6696c8} [ 20 ms] [default] [goframeshop] [rows:1  ] UPDATE `permission_info` SET `deleted_at`='2023-03-08 14:25:27' WHERE (`id`=8) AND `deleted_at` IS NULL
2023-03-08 14:41:55.232 [DEBU] {60e3560c805e4a17f74b8c0e04ba2802} [ 25 ms] [default] [goframeshop] [rows:15 ] SHOW FULL COLUMNS FROM `order_info`
2023-03-08 14:41:55.236 [DEBU] {60e3560c805e4a17f74b8c0e04ba2802} [  1 ms] [default] [goframeshop] [rows:10 ] SELECT `id`,`number`,`user_id`,`pay_type`,`remark`,`pay_at`,`status`,`consignee_name`,`consignee_phone`,`consignee_address`,`price`,`coupon_price`,`actual_price`,`created_at`,`updated_at` FROM `order_info` LIMIT 0,10
2023-03-08 14:41:55.242 [DEBU] {60e3560c805e4a17f74b8c0e04ba2802} [  4 ms] [default] [goframeshop] [rows:1  ] SELECT COUNT(1) FROM `order_info`
2023-03-08 14:43:26.348 [DEBU] {f4879e44955e4a17f84b8c0efe183c16} [  3 ms] [default] [goframeshop] [rows:1  ] SELECT `id`,`number`,`user_id`,`pay_type`,`remark`,`pay_at`,`status`,`consignee_name`,`consignee_phone`,`consignee_address`,`price`,`coupon_price`,`actual_price`,`created_at`,`updated_at` FROM `order_info` WHERE `id`=1 LIMIT 1
2023-03-08 14:43:26.367 [DEBU] {f4879e44955e4a17f84b8c0efe183c16} [ 18 ms] [default] [goframeshop] [rows:11 ] SHOW FULL COLUMNS FROM `order_goods_info`
2023-03-08 14:43:26.370 [DEBU] {f4879e44955e4a17f84b8c0efe183c16} [  2 ms] [default] [goframeshop] [rows:1  ] SELECT `id`,`order_id`,`goods_id`,`goods_options_id`,`count`,`remark`,`price`,`coupon_price`,`actual_price`,`created_at`,`updated_at` FROM `order_goods_info` WHERE `order_id`='1'
2023-03-08 14:44:35.744 [DEBU] {d0c8e46ca55e4a17f94b8c0ef1d47896} [  6 ms] [default] [goframeshop] [rows:1  ] SELECT `id`,`number`,`user_id`,`pay_type`,`remark`,`pay_at`,`status`,`consignee_name`,`consignee_phone`,`consignee_address`,`price`,`coupon_price`,`actual_price`,`created_at`,`updated_at` FROM `order_info` WHERE `id`=16 LIMIT 1
2023-03-08 14:44:35.745 [DEBU] {d0c8e46ca55e4a17f94b8c0ef1d47896} [  1 ms] [default] [goframeshop] [rows:1  ] SELECT `id`,`order_id`,`goods_id`,`goods_options_id`,`count`,`remark`,`price`,`coupon_price`,`actual_price`,`created_at`,`updated_at` FROM `order_goods_info` WHERE `order_id`='16'
2023-03-08 15:08:41.790 [DEBU] {4813b81bf65f4a177313d60743aa61c6} [  8 ms] [default] [goframeshop] [rows:11 ] SHOW FULL COLUMNS FROM `article_info`
2023-03-08 15:08:41.797 [DEBU] {4813b81bf65f4a177313d60743aa61c6} [  6 ms] [default] [goframeshop] [rows:1  ] INSERT INTO `article_info`(`is_admin`,`praise`,`updated_at`,`title`,`desc`,`pic_url`,`detail`,`created_at`,`user_id`) VALUES(1,99,'2023-03-08 15:08:41','abc','abc','abc','abc','2023-03-08 15:08:41',2) 
2023-03-08 15:09:41.633 [DEBU] {bc0cdf0a04604a177413d607478de8c5} [  4 ms] [default] [goframeshop] [rows:7  ] SELECT `id`,`user_id`,`title`,`desc`,`pic_url`,`is_admin`,`praise`,`detail`,`created_at`,`updated_at`,`deleted_at` FROM `article_info` WHERE `deleted_at` IS NULL LIMIT 0,10
2023-03-08 15:09:41.637 [DEBU] {bc0cdf0a04604a177413d607478de8c5} [  1 ms] [default] [goframeshop] [rows:1  ] SELECT COUNT(1) FROM `article_info` WHERE `deleted_at` IS NULL
2023-03-08 15:09:41.656 [DEBU] {bc0cdf0a04604a177413d607478de8c5} [ 17 ms] [default] [goframeshop] [rows:7  ] SELECT `id`,`user_id`,`title`,`desc`,`pic_url`,`is_admin`,`praise`,`detail`,`created_at`,`updated_at`,`deleted_at` FROM `article_info` WHERE `deleted_at` IS NULL LIMIT 0,10
2023-03-08 15:10:29.529 [DEBU] {6cc486310f604a177513d6076d0da9a4} [  8 ms] [default] [goframeshop] [rows:1  ] UPDATE `article_info` SET `deleted_at`='2023-03-08 15:10:29' WHERE (`id`=9) AND `deleted_at` IS NULL
2023-03-08 15:12:58.534 [DEBU] {e80ed3e231604a177613d607dbcdf18c} [  9 ms] [default] [goframeshop] [rows:1  ] UPDATE `article_info` SET `title`='abc',`pic_url`='abc',`detail`='abc',`updated_at`='2023-03-08 15:12:58',`user_id`=0,`praise`=99,`desc`='abc',`is_admin`=1 WHERE (`id`=8) AND `deleted_at` IS NULL
2023-03-08 15:13:15.721 [DEBU] {6c00aae235604a177713d6076a8af241} [ 19 ms] [default] [goframeshop] [rows:1  ] UPDATE `article_info` SET `praise`=99,`detail`='abc',`title`='abc',`is_admin`=1,`user_id`=0,`updated_at`='2023-03-08 15:13:15',`desc`='abc',`pic_url`='abc' WHERE (`id`=8) AND `deleted_at` IS NULL
